<?xml version="1.0" encoding="UTF-8"?>
<!-- Generated by org.testng.reporters.JUnitReportReporter -->
<testsuite skipped="0" hostname="HPENVY" name="com.Bill.TestCases.ImplementCases" tests="2" failures="0" timestamp="03 Feb 2022 11:21:52 GMT" time="44.471" errors="0">
  <testcase name="firstCase" time="17.102" classname="com.Bill.TestCases.ImplementCases"/>
  <testcase name="secondCase" time="27.369" classname="com.Bill.TestCases.ImplementCases"/>
</testsuite> <!-- com.Bill.TestCases.ImplementCases -->
