<?xml version="1.0" encoding="UTF-8"?>
<!-- Generated by org.testng.reporters.JUnitReportReporter -->
<testsuite skipped="0" hostname="HPENVY" name="com.c6.TestCases.ImplementCases" tests="13" failures="0" timestamp="03 Mar 2022 12:15:16 GMT" time="210.754" errors="1">
  <testcase name="firstCase" time="20.619" classname="com.c6.TestCases.ImplementCases"/>
  <testcase name="registrationpage" time="8.195" classname="com.c6.TestCases.ImplementCases"/>
  <testcase name="registration" time="25.098" classname="com.c6.TestCases.ImplementCases"/>
  <testcase name="verificationemail" time="16.306" classname="com.c6.TestCases.ImplementCases"/>
  <testcase name="nonactivated" time="17.233" classname="com.c6.TestCases.ImplementCases"/>
  <testcase name="invalidemail" time="15.733" classname="com.c6.TestCases.ImplementCases"/>
  <testcase name="invalidpassword" time="15.553" classname="com.c6.TestCases.ImplementCases"/>
  <testcase name="forgotpasswordpage" time="9.173" classname="com.c6.TestCases.ImplementCases"/>
  <testcase name="forgotpasswordnonregestired" time="24.352" classname="com.c6.TestCases.ImplementCases"/>
  <testcase name="forgotpasswordregisteredemail" time="11.312" classname="com.c6.TestCases.ImplementCases">
    <error type="java.lang.NullPointerException">
      <![CDATA[java.lang.NullPointerException
at com.c6.TestCases.ImplementCases.forgotpasswordregisteredemail(ImplementCases.java:365)
at sun.reflect.NativeMethodAccessorImpl.invoke0(Native Method)
at sun.reflect.NativeMethodAccessorImpl.invoke(NativeMethodAccessorImpl.java:62)
at sun.reflect.DelegatingMethodAccessorImpl.invoke(DelegatingMethodAccessorImpl.java:43)
at java.lang.reflect.Method.invoke(Method.java:498)
at org.testng.internal.MethodInvocationHelper.invokeMethod(MethodInvocationHelper.java:124)
at org.testng.internal.Invoker.invokeMethod(Invoker.java:583)
at org.testng.internal.Invoker.invokeTestMethod(Invoker.java:719)
at org.testng.internal.Invoker.invokeTestMethods(Invoker.java:989)
at org.testng.internal.TestMethodWorker.invokeTestMethods(TestMethodWorker.java:125)
at org.testng.internal.TestMethodWorker.run(TestMethodWorker.java:109)
at org.testng.TestRunner.privateRun(TestRunner.java:648)
at org.testng.TestRunner.run(TestRunner.java:505)
at org.testng.SuiteRunner.runTest(SuiteRunner.java:455)
at org.testng.SuiteRunner.runSequentially(SuiteRunner.java:450)
at org.testng.SuiteRunner.privateRun(SuiteRunner.java:415)
at org.testng.SuiteRunner.run(SuiteRunner.java:364)
at org.testng.SuiteRunnerWorker.runSuite(SuiteRunnerWorker.java:52)
at org.testng.SuiteRunnerWorker.run(SuiteRunnerWorker.java:84)
at org.testng.TestNG.runSuitesSequentially(TestNG.java:1208)
at org.testng.TestNG.runSuitesLocally(TestNG.java:1137)
at org.testng.TestNG.runSuites(TestNG.java:1049)
at org.testng.TestNG.run(TestNG.java:1017)
at org.testng.remote.AbstractRemoteTestNG.run(AbstractRemoteTestNG.java:114)
at org.testng.remote.RemoteTestNG.initAndRun(RemoteTestNG.java:251)
at org.testng.remote.RemoteTestNG.main(RemoteTestNG.java:77)
]]>
    </error>
  </testcase> <!-- forgotpasswordregisteredemail -->
  <testcase name="forgotpasswordemail" time="16.074" classname="com.c6.TestCases.ImplementCases"/>
  <testcase name="resetpassword" time="21.340" classname="com.c6.TestCases.ImplementCases"/>
  <testcase name="login" time="9.766" classname="com.c6.TestCases.ImplementCases"/>
</testsuite> <!-- com.c6.TestCases.ImplementCases -->
